<?xml version="1.0" encoding="UTF-8"?>
<!-- Generated by org.testng.reporters.JUnitXMLReporter -->
<testsuite hostname="isharam" ignored="0" name="/home/ishara/identity-workflow-simple/components/org.wso2.carbon.identity.workflow.engine/src/test/java/org/wso2/carbon/identity/workflow/engine" tests="0" failures="0" timestamp="15 Jul 2022 05:50:20 GMT" time="0.009" errors="0">
</testsuite> <!-- /home/ishara/identity-workflow-simple/components/org.wso2.carbon.identity.workflow.engine/src/test/java/org/wso2/carbon/identity/workflow/engine -->
